[debug] [2022-08-23T04:08:57.780Z] ----------------------------------------------------------------------
[debug] [2022-08-23T04:08:57.791Z] Command:       C:\Program Files\nodejs\node.exe C:\Users\Notebook\AppData\Roaming\npm\node_modules\firebase-tools\lib\bin\firebase.js init
[debug] [2022-08-23T04:08:57.793Z] CLI Version:   11.8.0
[debug] [2022-08-23T04:08:57.793Z] Platform:      win32
[debug] [2022-08-23T04:08:57.794Z] Node Version:  v16.14.2
[debug] [2022-08-23T04:08:57.913Z] Time:          Tue Aug 23 2022 01:08:57 GMT-0300 (hora estándar de Argentina)
[debug] [2022-08-23T04:08:57.913Z] ----------------------------------------------------------------------
[debug] 
[debug] [2022-08-23T04:08:58.261Z] > command requires scopes: ["email","openid","https://www.googleapis.com/auth/cloudplatformprojects.readonly","https://www.googleapis.com/auth/firebase","https://www.googleapis.com/auth/cloud-platform"]
[debug] [2022-08-23T04:08:58.263Z] > authorizing via signed-in user (phernandezpardini@gmail.com)
[info] 
     ######## #### ########  ######## ########     ###     ######  ########
     ##        ##  ##     ## ##       ##     ##  ##   ##  ##       ##
     ######    ##  ########  ######   ########  #########  ######  ######
     ##        ##  ##    ##  ##       ##     ## ##     ##       ## ##
     ##       #### ##     ## ######## ########  ##     ##  ######  ########

You're about to initialize a Firebase project in this directory:

  D:\Notebook\Documents\GitHub\Proyecto_Integrador_HernandezPablo\ProyArgPrograma\FrontEnd

Before we get started, keep in mind:

  * You are initializing within an existing Firebase project directory

[info] 
=== Project Setup
[info] 
[info] First, let's associate this project directory with a Firebase project.
[info] You can create multiple project aliases by running firebase use --add, 
[info] but for now we'll just set up a default project.
[info] 
[debug] [2022-08-23T04:09:34.786Z] Using project from CLI flag: frontendpablo
[debug] [2022-08-23T04:09:34.796Z] >>> [apiv2][query] GET https://firebase.googleapis.com/v1beta1/projects/frontendpablo [none]
[debug] [2022-08-23T04:09:35.485Z] <<< [apiv2][status] GET https://firebase.googleapis.com/v1beta1/projects/frontendpablo 401
[debug] [2022-08-23T04:09:35.486Z] <<< [apiv2][body] GET https://firebase.googleapis.com/v1beta1/projects/frontendpablo {"error":{"code":401,"message":"Request had invalid authentication credentials. Expected OAuth 2 access token, login cookie or other valid authentication credential. See https://developers.google.com/identity/sign-in/web/devconsole-project.","status":"UNAUTHENTICATED"}}
[debug] [2022-08-23T04:09:35.488Z] HTTP Error: 401, Request had invalid authentication credentials. Expected OAuth 2 access token, login cookie or other valid authentication credential. See https://developers.google.com/identity/sign-in/web/devconsole-project.
[debug] [2022-08-23T04:09:35.641Z] FirebaseError: HTTP Error: 401, Request had invalid authentication credentials. Expected OAuth 2 access token, login cookie or other valid authentication credential. See https://developers.google.com/identity/sign-in/web/devconsole-project.
    at responseToError (C:\Users\Notebook\AppData\Roaming\npm\node_modules\firebase-tools\lib\responseToError.js:49:12)
    at RetryOperation._fn (C:\Users\Notebook\AppData\Roaming\npm\node_modules\firebase-tools\lib\apiv2.js:288:77)
    at processTicksAndRejections (node:internal/process/task_queues:96:5)
[error] 
[error] Error: Failed to get Firebase project frontendpablo. Please make sure the project exists and your account has permission to access it.
[debug] [2022-08-23T04:12:41.126Z] ----------------------------------------------------------------------
[debug] [2022-08-23T04:12:41.132Z] Command:       C:\Program Files\nodejs\node.exe C:\Users\Notebook\AppData\Roaming\npm\node_modules\firebase-tools\lib\bin\firebase.js use --add
[debug] [2022-08-23T04:12:41.133Z] CLI Version:   11.8.0
[debug] [2022-08-23T04:12:41.134Z] Platform:      win32
[debug] [2022-08-23T04:12:41.134Z] Node Version:  v16.14.2
[debug] [2022-08-23T04:12:41.139Z] Time:          Tue Aug 23 2022 01:12:41 GMT-0300 (hora estándar de Argentina)
[debug] [2022-08-23T04:12:41.140Z] ----------------------------------------------------------------------
[debug] 
[debug] [2022-08-23T04:12:41.371Z] > command requires scopes: ["email","openid","https://www.googleapis.com/auth/cloudplatformprojects.readonly","https://www.googleapis.com/auth/firebase","https://www.googleapis.com/auth/cloud-platform"]
[debug] [2022-08-23T04:12:41.372Z] > authorizing via signed-in user (phernandezpardini@gmail.com)
[debug] [2022-08-23T04:12:41.383Z] >>> [apiv2][query] GET https://firebase.googleapis.com/v1beta1/projects pageSize=1000
[debug] [2022-08-23T04:12:42.633Z] <<< [apiv2][status] GET https://firebase.googleapis.com/v1beta1/projects 401
[debug] [2022-08-23T04:12:42.634Z] <<< [apiv2][body] GET https://firebase.googleapis.com/v1beta1/projects [omitted]
[debug] [2022-08-23T04:12:42.638Z] HTTP Error: 401, Request had invalid authentication credentials. Expected OAuth 2 access token, login cookie or other valid authentication credential. See https://developers.google.com/identity/sign-in/web/devconsole-project.
[debug] [2022-08-23T04:12:42.816Z] FirebaseError: HTTP Error: 401, Request had invalid authentication credentials. Expected OAuth 2 access token, login cookie or other valid authentication credential. See https://developers.google.com/identity/sign-in/web/devconsole-project.
    at responseToError (C:\Users\Notebook\AppData\Roaming\npm\node_modules\firebase-tools\lib\responseToError.js:49:12)
    at RetryOperation._fn (C:\Users\Notebook\AppData\Roaming\npm\node_modules\firebase-tools\lib\apiv2.js:288:77)
    at processTicksAndRejections (node:internal/process/task_queues:96:5)
[error] 
[error] Error: Failed to list Firebase projects. See firebase-debug.log for more info.
